{
  "RSpec": {
    "coverage": {
      "/Users/vipyne/Documents/_rails/orphan-crazy-eyes/config/environment.rb": [
        null,
        1,
        null,
        null,
        1
      ],
      "/Users/vipyne/Documents/_rails/orphan-crazy-eyes/config/application.rb": [
        1,
        null,
        null,
        1,
        1,
        1,
        1,
        1,
        null,
        null,
        1,
        null,
        1,
        null,
        null,
        null,
        null,
        1,
        1,
        null,
        null,
        null,
        null,
        null,
        1,
        null,
        null,
        null,
        null,
        null,
        null,
        null,
        null,
        null,
        null,
        null,
        null,
        null,
        null,
        null,
        null,
        null,
        1,
        null,
        null,
        1,
        null,
        null,
        1,
        null,
        null,
        null,
        null,
        null,
        null,
        null,
        null,
        null,
        null,
        1,
        null,
        null,
        1,
        null,
        null,
        1,
        null,
        null
      ],
      "/Users/vipyne/Documents/_rails/orphan-crazy-eyes/config/boot.rb": [
        1,
        null,
        null,
        1,
        null,
        1
      ],
      "/Users/vipyne/Documents/_rails/orphan-crazy-eyes/config/environments/test.rb": [
        1,
        null,
        null,
        null,
        null,
        null,
        null,
        1,
        null,
        null,
        1,
        1,
        null,
        null,
        1,
        null,
        null,
        1,
        1,
        null,
        null,
        1,
        null,
        null,
        1,
        null,
        null,
        null,
        null,
        1,
        null,
        null,
        1,
        null,
        null,
        1,
        null
      ],
      "/Users/vipyne/Documents/_rails/orphan-crazy-eyes/config/initializers/backtrace_silencers.rb": [
        null,
        null,
        null,
        null,
        null,
        null,
        null
      ],
      "/Users/vipyne/Documents/_rails/orphan-crazy-eyes/config/initializers/inflections.rb": [
        null,
        null,
        null,
        null,
        null,
        null,
        null,
        null,
        null,
        null,
        null,
        null,
        null,
        null,
        null
      ],
      "/Users/vipyne/Documents/_rails/orphan-crazy-eyes/config/initializers/instagram.rb": [
        1,
        1,
        1,
        null
      ],
      "/Users/vipyne/Documents/_rails/orphan-crazy-eyes/config/initializers/mime_types.rb": [
        null,
        null,
        null,
        null,
        null
      ],
      "/Users/vipyne/Documents/_rails/orphan-crazy-eyes/config/initializers/omniauth.rb": [
        1,
        1,
        1,
        1,
        null
      ],
      "/Users/vipyne/Documents/_rails/orphan-crazy-eyes/config/initializers/secret_token.rb": [
        null,
        null,
        null,
        null,
        null,
        null,
        1
      ],
      "/Users/vipyne/Documents/_rails/orphan-crazy-eyes/config/initializers/session_store.rb": [
        null,
        null,
        1,
        null,
        null,
        null,
        null,
        null
      ],
      "/Users/vipyne/Documents/_rails/orphan-crazy-eyes/config/initializers/wrap_parameters.rb": [
        null,
        null,
        null,
        null,
        null,
        null,
        1,
        1,
        null,
        null,
        null,
        1,
        1,
        null
      ],
      "/Users/vipyne/Documents/_rails/orphan-crazy-eyes/app/controllers/application_controller.rb": [
        1,
        1,
        1,
        1,
        null,
        1,
        null
      ],
      "/Users/vipyne/Documents/_rails/orphan-crazy-eyes/app/helpers/application_helper.rb": [
        1,
        null
      ],
      "/Users/vipyne/Documents/_rails/orphan-crazy-eyes/lib/instagram_oauth.rb": [
        1,
        1,
        0,
        null,
        null,
        1,
        0,
        null,
        null
      ],
      "/Users/vipyne/Documents/_rails/orphan-crazy-eyes/lib/authentication.rb": [
        1,
        1,
        0,
        null,
        null,
        1,
        0,
        null,
        null,
        1,
        0,
        null,
        null,
        1,
        0,
        null,
        null
      ],
      "/Users/vipyne/Documents/_rails/orphan-crazy-eyes/app/controllers/instagram_controller.rb": [
        1,
        null,
        null,
        null,
        1,
        null,
        null,
        null,
        1,
        0,
        0,
        null,
        null,
        null
      ],
      "/Users/vipyne/Documents/_rails/orphan-crazy-eyes/app/controllers/sessions_controller.rb": [
        1,
        1,
        0,
        0,
        null,
        null
      ],
      "/Users/vipyne/Documents/_rails/orphan-crazy-eyes/app/controllers/users_controller.rb": [
        1,
        1,
        null,
        1,
        0,
        0,
        0,
        0,
        null,
        0,
        null,
        null,
        null
      ],
      "/Users/vipyne/Documents/_rails/orphan-crazy-eyes/app/models/user.rb": [
        1,
        1,
        1,
        1,
        1,
        1,
        0,
        0,
        0,
        0,
        0,
        0,
        null,
        null
      ],
      "/Users/vipyne/Documents/_rails/orphan-crazy-eyes/app/controllers/votes_controller.rb": [
        1,
        null,
        1,
        0,
        null,
        null,
        0,
        null,
        null,
        0,
        null,
        0,
        null,
        null,
        null
      ],
      "/Users/vipyne/Documents/_rails/orphan-crazy-eyes/app/models/vote.rb": [
        1,
        1,
        1,
        1,
        1,
        null,
        null
      ],
      "/Users/vipyne/Documents/_rails/orphan-crazy-eyes/app/models/image.rb": [
        1,
        1,
        1,
        1,
        null,
        null
      ],
      "/Users/vipyne/Documents/_rails/orphan-crazy-eyes/config/routes.rb": [
        1,
        1,
        null,
        1,
        1,
        null,
        1,
        null,
        1,
        null,
        1,
        1,
        null,
        null,
        null,
        null,
        null,
        null,
        null,
        null,
        null,
        null,
        null,
        null,
        null,
        null,
        null,
        null,
        null,
        null,
        null,
        null,
        null,
        null,
        null,
        null,
        null,
        null,
        null,
        null,
        null,
        null,
        null,
        null,
        null,
        null,
        null,
        null,
        null,
        null,
        null,
        null,
        null,
        null,
        null,
        null,
        null,
        null,
        null,
        null,
        null,
        null,
        null,
        null,
        null,
        null,
        null,
        null,
        null,
        null
      ]
    },
    "timestamp": 1385853547
  }
}
